<?xml version="1.0" encoding="UTF-8"?>
<!-- Generated by org.testng.reporters.JUnitReportReporter -->
<testsuite skipped="0" hostname="pc" name="week6.day1.Testng_LeafTapsEdit" tests="2" failures="0" timestamp="2022-04-23T18:24:59 IST" time="28.008" errors="0">
  <testcase name="leafTaps_EditPageTest" time="18.333" classname="week6.day1.Testng_LeafTapsEdit"/>
  <system-out/>
  <testcase name="leafTaps_EditPageTest" time="9.675" classname="week6.day1.Testng_LeafTapsEdit"/>
  <system-out/>
</testsuite> <!-- week6.day1.Testng_LeafTapsEdit -->
