<?xml version="1.0" encoding="UTF-8"?>
<!-- Generated by org.testng.reporters.JUnitReportReporter -->
<testsuite skipped="0" hostname="pc" name="week6.day2.CreateLeadFromExcelData" tests="2" failures="0" timestamp="2022-04-24T18:40:20 IST" time="87.482" errors="0">
  <testcase name="createLeadTest" time="37.352" classname="week6.day2.CreateLeadFromExcelData"/>
  <system-out/>
  <testcase name="createLeadTest" time="50.130" classname="week6.day2.CreateLeadFromExcelData"/>
  <system-out/>
</testsuite> <!-- week6.day2.CreateLeadFromExcelData -->
