<?xml version="1.0" encoding="UTF-8"?>
<!-- Generated by org.testng.reporters.JUnitReportReporter -->
<testsuite skipped="0" hostname="pc" name="week6.day1.Testng_CreateContact" tests="2" failures="0" timestamp="2022-04-23T18:24:59 IST" time="82.974" errors="0">
  <testcase name="createContactTest" time="37.561" classname="week6.day1.Testng_CreateContact"/>
  <system-out/>
  <testcase name="createContactTest" time="45.413" classname="week6.day1.Testng_CreateContact"/>
  <system-out/>
</testsuite> <!-- week6.day1.Testng_CreateContact -->
