<?xml version="1.0" encoding="UTF-8"?>
<!-- Generated by org.testng.reporters.JUnitReportReporter -->
<testsuite skipped="0" hostname="pc" name="week6.day1.assignments.CreateContact" tests="2" failures="0" timestamp="2022-04-24T17:37:51 IST" time="58.215" errors="0">
  <testcase name="createContactTest" time="29.372" classname="week6.day1.assignments.CreateContact"/>
  <system-out/>
  <testcase name="createContactTest" time="28.843" classname="week6.day1.assignments.CreateContact"/>
  <system-out/>
</testsuite> <!-- week6.day1.assignments.CreateContact -->
