<?xml version="1.0" encoding="UTF-8"?>
<!-- Generated by org.testng.reporters.JUnitReportReporter -->
<testsuite skipped="0" hostname="pc" name="week6.day1.assignments.CreateLead" tests="2" failures="0" timestamp="2022-04-24T17:37:51 IST" time="128.119" errors="0">
  <testcase name="createLeadTest" time="95.463" classname="week6.day1.assignments.CreateLead"/>
  <system-out/>
  <testcase name="createLeadTest" time="32.656" classname="week6.day1.assignments.CreateLead"/>
  <system-out/>
</testsuite> <!-- week6.day1.assignments.CreateLead -->
