<?xml version="1.0" encoding="UTF-8"?>
<!-- Generated by org.testng.reporters.JUnitReportReporter -->
<testsuite hostname="pc" failures="0" tests="1" name="week6.day1.Testng_CreateContactTest" time="34.495" errors="0" timestamp="2022-04-23T18:20:26 IST" skipped="0">
  <testcase classname="week6.day1.Testng_CreateContactTest" name="createContactTest" time="34.495"/>
  <system-out/>
</testsuite> <!-- week6.day1.Testng_CreateContactTest -->
