<?xml version="1.0" encoding="UTF-8"?>
<!-- Generated by org.testng.reporters.JUnitReportReporter -->
<testsuite hostname="pc" failures="0" tests="1" name="week5.day1.Testng_DuplicateLead" time="29.584" errors="0" timestamp="2022-04-23T16:56:12 IST" skipped="0">
  <testcase classname="week5.day1.Testng_DuplicateLead" name="duplicateLeadTest" time="29.584"/>
  <system-out/>
</testsuite> <!-- week5.day1.Testng_DuplicateLead -->
