<?xml version="1.0" encoding="UTF-8"?>
<!-- Generated by org.testng.reporters.JUnitReportReporter -->
<testsuite skipped="1" hostname="pc" name="week6.day1.assignments.Assignment2_TestngAttributes" tests="7" failures="0" timestamp="2022-04-24T17:49:12 IST" time="0.087" errors="0">
  <testcase name="testMethod1" time="0.011" classname="week6.day1.assignments.Assignment2_TestngAttributes"/>
  <system-out/>
  <testcase name="testMethod1" time="0.008" classname="week6.day1.assignments.Assignment2_TestngAttributes"/>
  <system-out/>
  <testcase name="testMethod1" time="0.015" classname="week6.day1.assignments.Assignment2_TestngAttributes"/>
  <system-out/>
  <testcase name="testMethod1" time="0.035" classname="week6.day1.assignments.Assignment2_TestngAttributes"/>
  <system-out/>
  <testcase name="testMethod1" time="0.013" classname="week6.day1.assignments.Assignment2_TestngAttributes"/>
  <system-out/>
  <testcase name="testMethod3" time="0.005" classname="week6.day1.assignments.Assignment2_TestngAttributes"/>
  <system-out/>
  <testcase name="testMethod2" classname="week6.day1.assignments.Assignment2_TestngAttributes">
    <skipped/>
  </testcase> <!-- testMethod2 -->
  <system-out/>
</testsuite> <!-- week6.day1.assignments.Assignment2_TestngAttributes -->
