<?xml version="1.0" encoding="UTF-8"?>
<!-- Generated by org.testng.reporters.JUnitReportReporter -->
<testsuite skipped="0" hostname="pc" name="week6.day1.Testng_DuplicateLead" tests="1" failures="0" timestamp="2022-04-23T18:24:59 IST" time="42.534" errors="0">
  <testcase name="duplicateLeadTest" time="42.534" classname="week6.day1.Testng_DuplicateLead"/>
  <system-out/>
</testsuite> <!-- week6.day1.Testng_DuplicateLead -->
