<?xml version="1.0" encoding="UTF-8"?>
<!-- Generated by org.testng.reporters.JUnitReportReporter -->
<testsuite skipped="0" hostname="pc" name="week6.day1.assignments.DuplicateLead" tests="2" failures="0" timestamp="2022-04-24T17:37:51 IST" time="122.306" errors="0">
  <testcase name="duplicateLeadTest" time="95.091" classname="week6.day1.assignments.DuplicateLead"/>
  <system-out/>
  <testcase name="duplicateLeadTest" time="27.215" classname="week6.day1.assignments.DuplicateLead"/>
  <system-out/>
</testsuite> <!-- week6.day1.assignments.DuplicateLead -->
