<?xml version="1.0" encoding="UTF-8"?>
<!-- Generated by org.testng.reporters.JUnitReportReporter -->
<testsuite skipped="0" hostname="pc" name="week6.day2.Testng_CreateContactTest" tests="2" failures="0" timestamp="2022-04-24T16:46:38 IST" time="59.116" errors="0">
  <testcase name="createContactTest" time="26.406" classname="week6.day2.Testng_CreateContactTest"/>
  <system-out/>
  <testcase name="createContactTest" time="32.710" classname="week6.day2.Testng_CreateContactTest"/>
  <system-out/>
</testsuite> <!-- week6.day2.Testng_CreateContactTest -->
