<?xml version="1.0" encoding="UTF-8"?>
<!-- Generated by org.testng.reporters.JUnitReportReporter -->
<testsuite hostname="pc" failures="0" tests="2" name="week5.day1.Testng_CreateContact" time="68.669" errors="0" timestamp="2022-04-23T16:56:12 IST" skipped="0">
  <testcase classname="week5.day1.Testng_CreateContact" name="createContactTest" time="27.782"/>
  <system-out/>
  <testcase classname="week5.day1.Testng_CreateContact" name="createContactTest" time="40.887"/>
  <system-out/>
</testsuite> <!-- week5.day1.Testng_CreateContact -->
