<?xml version="1.0" encoding="UTF-8"?>
<!-- Generated by org.testng.reporters.JUnitReportReporter -->
<testsuite hostname="pc" failures="0" tests="1" name="com.test.project.SeleniumJavaPractice.Test1" time="55.601" errors="0" timestamp="2022-03-18T21:05:08 IST" skipped="0">
  <testcase classname="com.test.project.SeleniumJavaPractice.Test1" name="launchBrowser" time="55.601"/>
  <system-out/>
</testsuite> <!-- com.test.project.SeleniumJavaPractice.Test1 -->
